<?xml version="1.0" encoding="UTF-8"?>
<!-- Generated by org.testng.reporters.JUnitReportReporter -->
<testsuite hostname="prabhats-MacBook-Air.local" failures="0" tests="1" name="Day1.Test1" time="2.883" errors="0" timestamp="2025-06-27T13:22:14 IST" skipped="0">
  <testcase classname="Day1.Test1" name="FirstTest" time="2.883"/>
</testsuite> <!-- Day1.Test1 -->
